         w __deregister_frame_info
         w __gnu_Unwind_Find_exidx
         w _ITM_deregisterTMCloneTable
         w _ITM_registerTMCloneTable
         w __register_frame_info
00000000 00000401 b __fixedpath
00000000 b .LANCHOR4
00000000 a shift
00000000 a shift
00000000 b _TLS_MODULE_BASE_
00000404 b .LANCHOR5
00000404 00000802 b __utf16path
00000c08 b .LANCHOR6
00000c08 00000802 b __utf16path_old.0
00100000 A __start__
00100000 T _start
00100008 T __service_ptr
0010000c T __apt_appid
00100010 T __heap_size
00100014 T __linear_heap_size
00100018 T __system_arglist
0010001c T __system_runflags
00100020 t startup
00100058 t ClearMem
0010006c t ClrLoop
00100094 T _init
001000ac T __aeabi_uidiv
001000ac 000001ec T __udivsi3
001000ac t .udivsi3_skip_div0_test
00100298 00000020 T __aeabi_uidivmod
001002b8 T __aeabi_idiv
001002b8 00000220 T __divsi3
001002c0 t .divsi3_skip_div0_test
001004d8 00000020 T __aeabi_idivmod
001004f8 00000004 W __aeabi_idiv0
001004f8 00000004 W __aeabi_ldiv0
001004fc T __aeabi_drsub
00100504 000002b0 T __aeabi_dsub
00100504 000002b0 T __subdf3
00100508 000002ac T __adddf3
00100508 000002ac T __aeabi_dadd
001007b4 00000024 T __aeabi_ui2d
001007b4 00000024 T __floatunsidf
001007d8 00000028 T __aeabi_i2d
001007d8 00000028 T __floatsidf
00100800 00000048 T __aeabi_f2d
00100800 00000048 T __extendsfdf2
00100848 00000074 T __aeabi_ul2d
00100848 00000074 T __floatundidf
0010085c 00000060 T __aeabi_l2d
0010085c 00000060 T __floatdidf
001008bc T __aeabi_uldivmod
001008f8 00000014 T __restore_core_regs
001008f8 00000014 T restore_core_regs
0010090c T __gnu_Unwind_Restore_VFP
00100914 T __gnu_Unwind_Save_VFP
0010091c T __gnu_Unwind_Restore_VFP_D
00100924 T __gnu_Unwind_Save_VFP_D
0010092c T __gnu_Unwind_Restore_VFP_D_16_to_31
00100934 T __gnu_Unwind_Save_VFP_D_16_to_31
0010093c T __gnu_Unwind_Restore_WMMXD
00100980 T __gnu_Unwind_Save_WMMXD
001009c4 T __gnu_Unwind_Restore_WMMXC
001009d8 T __gnu_Unwind_Save_WMMXC
001009ec 00000024 T ___Unwind_RaiseException
001009ec 00000024 T _Unwind_RaiseException
00100a10 00000024 T ___Unwind_Resume
00100a10 00000024 T _Unwind_Resume
00100a34 00000024 T ___Unwind_Resume_or_Rethrow
00100a34 00000024 T _Unwind_Resume_or_Rethrow
00100a58 00000024 T ___Unwind_ForcedUnwind
00100a58 00000024 T _Unwind_ForcedUnwind
00100a7c 00000024 T ___Unwind_Backtrace
00100a7c 00000024 T _Unwind_Backtrace
00100aa8 00000390 T strcmp
00100e30 t deregister_tm_clones
00100e5c t register_tm_clones
00100e94 t __do_global_dtors_aux
00100ed8 t frame_dummy
00100f0c 00000080 T main
00100f8c 000000a8 T m3d::Applet::Applet()
00100f8c 000000a8 T m3d::Applet::Applet()
00101034 00000054 T m3d::Applet::~Applet()
00101034 00000054 T m3d::Applet::~Applet()
00101088 00000034 T m3d::Applet::isRunning()
001010bc 0000000c T m3d::Applet::exit()
001010c8 00000078 t std::_Rb_tree<int, std::pair<int const, std::vector<std::pair<m3d::Drawable*, std::function<bool ()> >, std::allocator<std::pair<m3d::Drawable*, std::function<bool ()> > > > >, std::_Select1st<std::pair<int const, std::vector<std::pair<m3d::Drawable*, std::function<bool ()> >, std::allocator<std::pair<m3d::Drawable*, std::function<bool ()> > > > > >, std::less<int>, std::allocator<std::pair<int const, std::vector<std::pair<m3d::Drawable*, std::function<bool ()> >, std::allocator<std::pair<m3d::Drawable*, std::function<bool ()> > > > > > >::_M_erase(std::_Rb_tree_node<std::pair<int const, std::vector<std::pair<m3d::Drawable*, std::function<bool ()> >, std::allocator<std::pair<m3d::Drawable*, std::function<bool ()> > > > > >*) [clone .isra.0]
00101140 00000074 T m3d::Screen::~Screen()
00101140 00000074 T m3d::Screen::~Screen()
001011b4 00000074 T m3d::Screen::clear()
00101228 000003f0 T m3d::Screen::Screen(bool)
00101228 000003f0 T m3d::Screen::Screen(bool)
00101618 00000020 T m3d::Camera::Camera()
00101618 00000020 T m3d::Camera::Camera()
00101638 0000001c T m3d::buttons::buttonPressed(m3d::buttons::Button)
00101654 00000020 t _GLOBAL__sub_I__ZN3m3d4priv8graphics14defaultCamera0E
00101674 00000020 W std::vector<int, std::allocator<int> >::~vector()
00101674 00000020 W std::vector<int, std::allocator<int> >::~vector()
00101694 00000058 t _GLOBAL__sub_I__ZN3m3d4priv4ndsp12channelMutexE
001016ec 00000090 T m3d::LEDPattern::stop()
0010177c 00000014 T m3d::Mutex::Mutex()
0010177c 00000014 T m3d::Mutex::Mutex()
00101790 00000014 T m3d::Mutex::~Mutex()
00101790 00000014 T m3d::Mutex::~Mutex()
001017a4 0000001c T m3d::Color::Color(unsigned char, unsigned char, unsigned char)
001017a4 0000001c T m3d::Color::Color(unsigned char, unsigned char, unsigned char)
001017c0 00000008 T m3d::Color::getRgba8()
001017c8 00000038 T m3d::RenderTarget::RenderTarget(int, int)
001017c8 00000038 T m3d::RenderTarget::RenderTarget(int, int)
00101800 00000008 T m3d::RenderTarget::getRenderTarget()
00101808 00000330 T C2D_Init
00101b38 00000044 T C2D_Fini
00101b7c 00000030 T C2Di_FlushVtxBuf
00101bac 00000020 t C2Di_FrameEndHook
00101bcc 00000030 T C2D_TargetClear
00101bfc 000000ac t C3Di_AptEventHook
00101ca8 00000004 W C3Di_GasUpdate
00101cac 000001e0 T C3D_Init
00101e8c 000004ec T C3Di_UpdateContext
00102378 000000e0 T C3Di_SplitFrame
00102458 00000044 T C3D_Fini
0010249c 000000dc T C3Di_LightMtlBlend
00102578 00000090 T C3D_LightInit
00102608 0000001c T C3D_LightDiffuse
00102624 0000001c T C3D_LightSpecular0
00102640 0000001c T C3D_LightSpecular1
0010265c 0000005c T C3D_LightPosition
001026b8 0000004c t onVBlank0
00102704 0000004c t onVBlank1
00102750 00000080 t C3Di_RenderTargetDestroy
001027d0 000000ec t onQueueFinish
001028bc 00000060 T C3Di_RenderQueueInit
0010291c 000000b0 T C3Di_RenderQueueExit
001029cc 00000034 T C3Di_RenderQueueWaitDone
00102a00 00000058 T C3D_FrameSplit
00102a58 000001bc T C3D_FrameEnd
00102c14 0000001c T C3D_FrameEndHook
00102c30 00000128 T C3D_RenderTargetCreate
00102d58 0000004c T C3D_RenderTargetSetOutput
00102da4 0000016c T C3Di_SetTex
00102f10 0000001c T C3D_CalcColorBufSize
00102f2c 0000001c T C3D_CalcDepthBufSize
00102f48 0000016c T C3Di_FrameBufBind
001030b4 000000cc T C3D_FrameBufClear
00103180 00000044 T C3D_FrameBufTransfer
001031c4 000003d8 T C3Di_LightEnvUpdate
0010359c 0000009c T C3Di_LightEnvDirty
00103638 0000005c T C3D_LightEnvInit
00103694 000000b8 T C3D_LightEnvLut
0010374c 00000024 T C3Di_TexEnvBind
00103770 00000070 T C3D_ProcTexInit
001037e0 000000a4 T ProcTexLut_FromArray
00103884 0000017c T C3Di_ProcTexUpdate
00103a00 00000068 T C3Di_ProcTexDirty
00103a68 0000029c T C3D_UpdateUniforms
00103d04 000000c0 T C3Di_DirtyUniforms
00103dc4 00000024 T BufInfo_Init
00103de8 00000080 T BufInfo_Add
00103e68 00000048 T C3Di_BufInfoBind
00103eb0 00000148 T C3D_DrawArrays
00103ff8 00000040 T C3D_DepthMap
00104038 0000001c T C3D_CullFace
00104054 00000040 T C3D_StencilTest
00104094 00000024 T C3D_StencilOp
001040b8 0000001c T C3D_BlendingColor
001040d4 00000024 T C3D_EarlyDepthTest
001040f8 0000002c T C3D_DepthTest
00104124 0000002c T C3D_AlphaTest
00104150 00000050 T C3D_AlphaBlend
001041a0 00000030 T C3D_FragOpMode
001041d0 00000044 T C3D_FragOpShadow
00104214 000001ac T C3Di_EffectBind
001043c0 00000028 T AttrInfo_Init
001043e8 00000098 T AttrInfo_AddLoader
00104480 00000080 T C3Di_AttrInfoBind
00104500 000000a8 T C3D_ImmSendAttrib
001045a8 000000a8 T LightLut_FromArray
00104650 000000d8 T LightLut_FromFunc
00104728 000000cc T Mtx_OrthoTilt
001047f4 00000024 t addrMapNodeComparator(rbtree_node const*, rbtree_node const*)
00104818 00000004 t addrMapNodeDestructor(rbtree_node*)
0010481c 00000114 T vramMemAlign
00104930 00000008 T vramAlloc
00104938 0000005c T vramFree
00104994 00000024 t addrMapNodeComparator(rbtree_node const*, rbtree_node const*)
001049b8 00000004 t addrMapNodeDestructor(rbtree_node*)
001049bc 00000120 T linearMemAlign
00104adc 00000008 T linearAlloc
00104ae4 0000005c T linearFree
00104b40 00000084 T MemPool::CoalesceRight(MemBlock*)
00104bc4 00000170 T MemPool::Allocate(MemChunk&, unsigned long, int)
00104d34 000000fc T MemPool::Deallocate(MemChunk const&)
00104e30 00000008 t romfs_close
00104e38 000000c8 t romfs_seek
00104f00 00000024 t romfs_dirreset
00104f24 0000007c t romfs_fstat
00104fa0 0000007c t romfs_free
0010501c 0000025c t romfs_dirnext
00105278 000000b8 t searchForFile.constprop.0
00105330 000000bc t searchForDir.constprop.0
001053ec 000001c4 t navigateToDir.constprop.0
001055b0 00000128 t romfs_open
001056d8 00000054 t romfs_chdir
0010572c 00000078 t romfs_diropen
001057a4 00000200 t romfs_stat
001059a4 000000c0 t romfsInitMtime.isra.0
00105a64 00000008 t romfs_dirclose
00105a6c 000000d4 t romfs_read
00105b40 0000020c t romfsMountCommon
00105d4c 00000358 T romfsMount
001060a4 00000078 T romfsUnmount
0010611c 0000000c T __sync_init
00106128 00000018 T __sync_fini
00106140 00000010 T __sync_get_arbiter
00106150 0000001c T LightLock_Init
0010616c 00000090 T LightLock_Lock
001061fc 00000034 T LightLock_TryLock
00106230 0000005c T LightLock_Unlock
0010628c 00000024 T RecursiveLock_Init
001062b0 00000030 T RecursiveLock_Lock
001062e0 0000005c T RecursiveLock_TryLock
00106340 00000074 T RecursiveLock_Unlock
001063b4 00000040 T LightEvent_Init
001063f8 000000b4 T LightEvent_Clear
001064b0 000000ec T LightEvent_Signal
001065a0 000000c4 T LightEvent_Wait
00106664 00000058 t getSysTime
001066bc 0000004c T osConvertVirtToPhys
00106708 00000024 T osGetMemRegionUsed
00106730 00000128 T __libctru_gtod
00106858 00000034 T __ctru_speedup_config
0010688c 00000038 T osSetSpeedupEnable
001068c4 00000178 T consoleDrawChar
00106a3c 00000124 T consolePrintChar
00106b60 00000a00 T con_write
00107560 00000154 T consoleInit
001076b4 000000f4 t newRow
001077a8 0000012c T srvInit
001078d4 00000058 T srvExit
0010792c 00000080 T srvGetServiceHandleDirect
001079ac 00000048 T srvGetServiceHandle
001079f4 00000038 T srvPublishToSubscriber
00107a2c 00000014 t archive_link
00107a40 00000014 t archive_dirreset
00107a54 00000014 t archive_chmod
00107a68 00000024 t error_cmp
00107a8c 00000050 t archive_translate_error
00107adc 000000d4 t archive_seek
00107bb0 0000007c t _archiveInit.part.0
00107c2c 0000008c t archiveFindDevice.part.0
00107cb8 00000230 t archive_utf16path
00107ee8 000000a0 t _archiveUnmountDeviceStruct.part.0
00107f88 00000014 t archive_fchmod
00107f9c 00000014 t archive_statvfs
00107fb0 0000015c t _archiveMountDevice
0010810c 000000e8 t archive_diropen
001081f4 000000a4 t archive_fstat
00108298 0000006c t archive_close
00108304 0000006c t archive_fsync
00108370 00000070 t archive_dirclose
001083e0 000000e8 t sdmc_statvfs
001084c8 00000080 t archive_ftruncate
00108548 000000f8 t archive_chdir
00108640 000000b0 t archive_read
001086f0 000000ac t archive_unlink
0010879c 000000c8 t archive_rmdir
00108864 000000ec t archive_mkdir
00108950 000001a8 t archive_stat
00108af8 00000190 t archive_rename
00108c88 00000168 t archive_dirnext
00108df0 0000012c t archive_write
00108f1c 000001f0 t archive_open
0010910c 00000168 T archiveMountSdmc
00109274 00000054 T archiveUnmountAll
001092c8 00000808 t gfxGxHwInit
00109ad0 00000084 t gfxSetFramebufferInfo.part.0
00109b54 00000010 T gfxSet3D
00109b64 00000018 T __get_bytes_per_pixel
00109b7c 00000184 T gfxSetScreenFormat
00109d00 00000010 T gfxSetDoubleBuffering
00109d10 00000274 T gfxInit
00109f84 00000010 T gfxInitDefault
00109f94 000000e0 T gfxExit
0010a074 000000a8 T gfxGetFramebuffer
0010a11c 000000f4 T gfxFlushBuffers
0010a210 0000016c T gfxConfigScreen
0010a37c 00000020 T gfxSwapBuffersGpu
0010a39c 000001e0 T shaderInstanceInit
0010a57c 00000018 T shaderInstanceGetUniformLocation
0010a594 0000001c T shaderProgramInit
0010a5b0 00000064 T shaderProgramFree
0010a614 00000080 T shaderProgramSetVsh
0010a694 000008c0 T shaderProgramConfigure
0010af54 000001f8 t DVLE_GenerateOutmap.part.0
0010b14c 000001cc T DVLB_ParseFile
0010b318 00000038 T DVLB_Free
0010b350 00000074 T DVLE_GetUniformRegister
0010b3c4 00000010 T GX_BindQueue
0010b3d4 00000084 T GX_ProcessCommandList
0010b458 00000080 T GX_MemoryFill
0010b4d8 0000007c T GX_DisplayTransfer
0010b554 00000074 t gxCmdQueueDoCommands.part.0
0010b5c8 000000c8 T gxCmdQueueInterrupt
0010b690 0000004c T gxCmdQueueClear
0010b6dc 000000f8 T gxCmdQueueAdd
0010b7d4 00000080 T gxCmdQueueRun
0010b854 00000060 T gxCmdQueueStop
0010b8b4 00000074 T gxCmdQueueWait
0010b928 0000013c T GPUCMD_Add
0010ba64 000000ac T GPUCMD_Split
0010bb10 00000040 T f32tof16
0010bb50 00000040 T f32tof24
0010bb90 00000150 t ndspUpdateMaster
0010bce0 000000ec t ndspFinalize
0010bdcc 00000270 t ndspInitialize
0010c03c 00000074 t ndspAptHook
0010c0b0 00000168 t ndspSync
0010c218 00000104 t ndspThreadMain
0010c31c 0000039c T ndspInit
0010c6b8 000000fc T ndspExit
0010c7b4 00000084 T ndspChnReset
0010c838 00000034 T ndspiInitChn
0010c86c 0000002c T ndspiDirtyChn
0010c898 00000480 T ndspiUpdateChn
0010cd18 000001cc T ndspiReadChnState
0010cee4 00000074 T gspInit
0010cf58 0000003c T gspExit
0010cf94 00000030 T gspSetEventCallback
0010cfc4 000000a0 T gspInitEventHandler
0010d064 00000040 T gspExitEventHandler
0010d0a4 00000050 T gspWaitForEvent
0010d0f4 00000064 T gspWaitForAnyEvent
0010d158 0000017c t gspEventThreadMain
0010d2d4 00000114 T gspSubmitGxCommand
0010d3e8 00000068 T GSPGPU_WriteHWRegs
0010d450 00000084 T GSPGPU_WriteHWRegsWithMask
0010d4d4 00000070 T GSPGPU_SetBufferSwap
0010d544 00000050 T GSPGPU_FlushDataCache
0010d594 00000034 T GSPGPU_SetLcdForceBlack
0010d5c8 00000064 T GSPGPU_RegisterInterruptRelayQueue
0010d62c 0000002c T GSPGPU_UnregisterInterruptRelayQueue
0010d658 00000048 T GSPGPU_AcquireRight
0010d6a0 0000002c T GSPGPU_ReleaseRight
0010d6cc 0000007c T GSPGPU_ImportDisplayCaptureInfo
0010d748 0000002c T GSPGPU_SaveVramSysArea
0010d774 0000002c T GSPGPU_RestoreVramSysArea
0010d7a0 0000008c T acInit
0010d82c 0000003c T acExit
0010d868 000000a4 T cfguInit
0010d90c 0000003c T cfguExit
0010d948 0000004c T CFGU_GetConfigInfoBlk2
0010d994 00000094 T dspInit
0010da28 0000003c T dspExit
0010da64 00000034 T DSP_SetSemaphore
0010da98 00000034 T DSP_SetSemaphoreMask
0010dacc 00000038 T DSP_GetSemaphoreHandle
0010db04 00000064 T DSP_LoadComponent
0010db68 0000002c T DSP_UnloadComponent
0010db94 00000044 T DSP_RegisterInterruptEvents
0010dbd8 00000074 T DSP_ReadPipeIfPossible
0010dc4c 0000004c T DSP_WriteProcessPipe
0010dc98 00000040 T DSP_ConvertProcessAddressFromDspDram
0010dcd8 00000040 T DSP_RecvData
0010dd18 0000004c T DSP_RecvDataIsReady
0010dd64 000000c8 T fsInit
0010de2c 0000003c T fsExit
0010de68 00000060 T fsExemptFromSession
0010dec8 00000050 T fsUnexemptFromSession
0010df18 000000cc T FSUSER_OpenFile
0010dfe4 000000d4 T FSUSER_OpenFileDirectly
0010e0b8 000000bc T FSUSER_DeleteFile
0010e174 000000f8 T FSUSER_RenameFile
0010e26c 000000bc T FSUSER_DeleteDirectory
0010e328 000000d4 T FSUSER_CreateFile
0010e3fc 000000c4 T FSUSER_CreateDirectory
0010e4c0 000000f8 T FSUSER_RenameDirectory
0010e5b8 000000b4 T FSUSER_OpenDirectory
0010e66c 00000094 T FSUSER_OpenArchive
0010e700 000000b4 T FSUSER_ControlArchive
0010e7b4 0000008c T FSUSER_CloseArchive
0010e840 00000074 T FSUSER_GetSdmcArchiveResource
0010e8b4 00000064 T FSUSER_IsSdmcWritable
0010e918 00000058 T FSFILE_Read
0010e970 00000060 T FSFILE_Write
0010e9d0 00000038 T FSFILE_GetSize
0010ea08 00000028 T FSFILE_SetSize
0010ea30 0000003c T FSFILE_Close
0010ea6c 00000024 T FSFILE_Flush
0010ea90 00000050 T FSDIR_Read
0010eae0 0000003c T FSDIR_Close
0010eb1c 00000004 W _aptDebug
0010eb20 00000178 T aptSendCommand
0010ec98 000001a8 t aptEventHandler
0010ee40 000000e8 t aptClearParamQueue
0010ef28 00000030 T aptHook
0010ef58 00000030 T aptUnhook
0010ef88 00000084 T APT_SleepIfShellClosed
0010f00c 00000084 T aptSetSleepAllowed
0010f090 00000084 T APT_UnlockTransition
0010f114 000000c8 T APT_ReceiveParameter
0010f1dc 000000bc t aptReceiveParameter.constprop.0
0010f298 000001d8 t aptScreenTransfer
0010f470 0000021c t aptWaitForWakeUp.isra.0
0010f68c 0000024c T aptMainLoop
0010f8d8 000002b0 T aptExit
0010fb88 000002b4 T aptInit
0010fe3c 00000048 T APT_CloseApplication
0010fe84 00000018 t aptExitProcess
0010fe9c 0000007c T APT_CheckNew3DS
0010ff18 00000074 T ptmuInit
0010ff8c 0000003c T ptmuExit
0010ffc8 000001d4 T hidInit
0011019c 000000d0 T hidExit
0011026c 0000023c T hidScanInput
001104a8 00000010 T hidKeysDown
001104b8 0000000c T srvPmGetSessionHandle
001104c4 00000074 T ptmSysmInit
00110538 0000003c T ptmSysmExit
00110574 00000034 T PTMSYSM_ConfigureNew3DSCPU
001105a8 00000010 T rbtree_init
001105b8 000001a0 t do_insert
00110758 00000008 T rbtree_insert
00110760 00000090 T rbtree_rotate
001107f0 00000338 T rbtree_remove
00110b28 00000074 T rbtree_find
00110b9c 000000c0 T utf8_to_utf16
00110c5c 0000013c T decode_utf8
00110d98 000000e8 T utf16_to_utf8
00110e80 00000038 W __libctru_init
00110eb8 00000030 t __libctru_nanosleep
00110ee8 00000030 t __ctru_get_reent
00110f18 000000f8 W __system_initSyscalls
00111010 00000128 W __system_allocateHeaps
00111138 000000f0 W __system_initArgv
00111228 T svcControlMemory
00111248 T svcExitProcess
00111250 T svcCreateThread
00111270 T svcExitThread
00111278 T svcSleepThread
00111280 T svcReleaseMutex
00111288 T svcCreateEvent
0011129c T svcSignalEvent
001112a4 T svcClearEvent
001112ac T svcMapMemoryBlock
001112b4 T svcUnmapMemoryBlock
001112bc T svcCreateAddressArbiter
001112d0 T svcArbitrateAddress
001112e8 T svcCloseHandle
001112f0 T svcWaitSynchronization
001112f8 T svcWaitSynchronizationN
00111320 T svcDuplicateHandle
00111334 T svcGetSystemTick
0011133c T svcGetSystemInfo
00111354 T svcConnectToPort
00111368 T svcSendSyncRequest
00111370 T svcBreak
00111378 W initSystem
001113c8 W __ctru_exit
001113e0 T __aeabi_read_tp
001113ec 00000024 t addrMapNodeComparator(rbtree_node const*, rbtree_node const*)
00111410 00000004 t addrMapNodeDestructor(rbtree_node*)
00111414 000000e8 T mappableAlloc
001114fc 0000005c T mappableFree
00111558 00000084 W envGetHandle
001115dc 00000050 W envDestroyHandles
0011162c 00000188 T threadCreate
001117b4 0000002c T threadFree
001117e0 00000024 T threadJoin
00111804 00000030 T threadGetCurrent
00111834 00000040 T threadExit
00111874 00000044 t _thread_begin
001118b8 00000174 T irrstInit
00111a2c 000000c0 T irrstExit
00111aec 000000b0 T irrstScanInput
00111b9c 00000024 T irrstKeysHeld
00111bc0 00000050 T rbtree_node_next
00111c10 00000060 T encode_utf16
00111c70 000000fc T encode_utf8
00111d6c 00000064 T decode_utf16
00111dd0 0000001c W __appInit
00111dec 0000001c W __appExit
00111e08 000000a0 W __libctru_exit
00111ea8 00000010 T __aeabi_atexit
00111eb8 00000004 T operator delete(void*)
00111ebc 0000005c T operator new(unsigned int)
00111f18 0000000c T std::bad_alloc::what() const
00111f24 00000020 T std::bad_alloc::~bad_alloc()
00111f24 00000020 T std::bad_alloc::~bad_alloc()
00111f44 0000002c T std::bad_alloc::~bad_alloc()
00111f70 00000004 T operator delete(void*, unsigned int)
00111f74 000000d0 t (anonymous namespace)::pool::free(void*) [clone .constprop.0]
00112044 0000009c t (anonymous namespace)::pool::allocate(unsigned int) [clone .constprop.0]
001120e0 00000044 T __cxa_allocate_exception
00112124 00000030 T __cxa_free_exception
00112154 00000040 t _GLOBAL__sub_I__ZN9__gnu_cxx9__freeresEv
00112194 T __cxa_end_cleanup
001121a4 00000138 T __cxa_type_match
001122dc 000000b4 T __cxa_begin_cleanup
00112390 000000b4 T __gnu_end_cleanup
00112444 00000004 T std::exception::~exception()
00112444 00000004 T std::exception::~exception()
00112448 00000004 T std::bad_exception::~bad_exception()
00112448 00000004 T std::bad_exception::~bad_exception()
0011244c 0000000c T transaction clone for std::bad_exception::what() const
0011244c 0000000c T std::bad_exception::what() const
00112458 00000018 T std::bad_exception::~bad_exception()
00112470 0000000c T __cxa_get_globals_fast
0011247c 0000000c T __cxa_get_globals
00112488 00000168 t read_encoded_value_with_base(unsigned char, unsigned int, unsigned char const*, unsigned int*)
001125f0 00000064 t base_of_encoded_value(unsigned char, _Unwind_Context*)
00112654 000000d8 t parse_lsda_header(_Unwind_Context*, unsigned char const*, lsda_header_info*)
0011272c 000006f8 T __gxx_personality_v0
00112e24 00000038 T __cxxabiv1::__terminate(void (*)())
00112e5c 00000018 T std::terminate()
00112e74 0000000c T __cxxabiv1::__unexpected(void (*)())
00112e80 00000018 T std::unexpected()
00112e98 00000014 T std::get_terminate()
00112eac 00000014 T std::get_unexpected()
00112ec0 00000070 t __gxx_exception_cleanup(_Unwind_Reason_Code, _Unwind_Control_Block*)
00112f30 00000070 T __cxa_init_primary_exception
00112fa0 00000058 T __cxa_throw
00112ff8 000000b0 T __cxa_rethrow
001130a8 00000014 T std::get_new_handler()
001130bc 00000020 T __cxxabiv1::__si_class_type_info::~__si_class_type_info()
001130bc 00000020 T __cxxabiv1::__si_class_type_info::~__si_class_type_info()
001130dc 0000002c T __cxxabiv1::__si_class_type_info::~__si_class_type_info()
00113108 0000006c T __cxxabiv1::__si_class_type_info::__do_find_public_src(int, void const*, __cxxabiv1::__class_type_info const*, void const*) const
00113174 000000dc T __cxxabiv1::__si_class_type_info::__do_dyncast(int, __cxxabiv1::__class_type_info::__sub_kind, __cxxabiv1::__class_type_info const*, void const*, __cxxabiv1::__class_type_info const*, void const*, __cxxabiv1::__class_type_info::__dyncast_result&) const
00113250 00000044 T __cxxabiv1::__si_class_type_info::__do_upcast(__cxxabiv1::__class_type_info const*, void const*, __cxxabiv1::__class_type_info::__upcast_result&) const
00113294 00000004 T std::type_info::~type_info()
00113294 00000004 T std::type_info::~type_info()
00113298 00000008 T std::type_info::__is_pointer_p() const
00113298 00000008 T std::type_info::__is_function_p() const
001132a0 0000004c T std::type_info::operator==(std::type_info const&) const
001132ec 0000005c T __cxxabiv1::__class_type_info::__do_upcast(__cxxabiv1::__class_type_info const*, void**) const
00113348 00000014 T __cxxabiv1::__class_type_info::__do_find_public_src(int, void const*, __cxxabiv1::__class_type_info const*, void const*) const
0011335c 00000020 T __cxxabiv1::__class_type_info::~__class_type_info()
0011335c 00000020 T __cxxabiv1::__class_type_info::~__class_type_info()
0011337c 0000002c T __cxxabiv1::__class_type_info::~__class_type_info()
001133a8 00000068 T __cxxabiv1::__class_type_info::__do_dyncast(int, __cxxabiv1::__class_type_info::__sub_kind, __cxxabiv1::__class_type_info const*, void const*, __cxxabiv1::__class_type_info const*, void const*, __cxxabiv1::__class_type_info::__dyncast_result&) const
00113410 0000002c T __cxxabiv1::__class_type_info::__do_upcast(__cxxabiv1::__class_type_info const*, void const*, __cxxabiv1::__class_type_info::__upcast_result&) const
0011343c 00000044 T __cxxabiv1::__class_type_info::__do_catch(std::type_info const*, void**, unsigned int) const
00113480 00000070 t __cxxabiv1::__is_gxx_exception_class(char*)
001134f0 0000002c T __cxa_call_terminate
0011351c 00000154 T __cxa_call_unexpected
00113670 000000cc T __cxa_begin_catch
0011373c 000000e0 T __cxa_end_catch
0011381c 00000024 t with_errnof
00113840 00000018 t xflowf
00113858 0000000c T __math_uflowf
00113864 0000000c T __math_may_uflowf
00113870 0000000c T __math_oflowf
0011387c 00000030 T __math_divzerof
001138ac 0000001c T __math_invalidf
001138c8 000003ec T powf
00113cb4 00000038 T __aeabi_d2lz
00113cb4 00000038 T __fixdfdi
00113cf0 00000040 T __aeabi_d2ulz
00113cf0 00000040 T __fixunsdfdi
00113d30 00000120 T __udivmoddi4
00113e50 00000018 t selfrel_offset31
00113e68 00000090 t search_EIT_table
00113ef8 00000040 t __gnu_unwind_get_pr_addr
00113f38 00000118 t get_eit_entry
00114050 00000088 t restore_non_core_regs
001140d8 00000014 t _Unwind_decode_typeinfo_ptr.constprop.0
001140ec 00000004 t _Unwind_DebugHook
001140f0 00000064 t unwind_phase2
00114154 00000134 t unwind_phase2_forced
00114288 000000a4 T __gnu_Unwind_RaiseException
0011432c 00000028 T __gnu_Unwind_ForcedUnwind
00114354 00000074 T __gnu_Unwind_Resume
001143c8 00000020 T __gnu_Unwind_Resume_or_Rethrow
001143e8 00000004 T _Unwind_Complete
001143ec 00000018 T _Unwind_DeleteException
00114404 0000005c T _Unwind_VRS_Get
00114460 0000002c t _Unwind_GetGR
0011448c 0000005c T _Unwind_VRS_Set
001144e8 0000002c t _Unwind_SetGR
00114514 000000c0 T __gnu_Unwind_Backtrace
001145d4 00000420 t __gnu_unwind_pr_common
001149f4 00000008 T __aeabi_unwind_cpp_pr0
001149fc 00000008 W __aeabi_unwind_cpp_pr1
00114a04 00000008 W __aeabi_unwind_cpp_pr2
00114a0c 000003d8 T _Unwind_VRS_Pop
00114de4 00000064 t next_unwind_byte
00114e48 0000002c t _Unwind_GetGR.constprop.0
00114e74 00000004 t unwind_UCB_from_context
00114e78 00000424 T __gnu_unwind_execute
0011529c 00000048 T __gnu_unwind_frame
001152e4 00000010 T _Unwind_GetRegionStart
001152f4 0000001c T _Unwind_GetLanguageSpecificData
00115310 00000008 T _Unwind_GetDataRelBase
00115318 00000008 T _Unwind_GetTextRelBase
00115320 00000014 T abort
00115334 00000078 T bsearch
001153ac 00000028 T calloc
001153d4 00000094 T _calloc_r
00115468 00000024 T __cxa_atexit
0011548c 0000000c T __errno
00115498 00000034 T exit
001154cc 0000003c T __libc_fini_array
00115508 0000007c T __libc_init_array
00115584 00000028 T memalign
001155ac 00000148 T _memalign_r
001156f4 00000020 T malloc
00115714 00000020 T free
00115734 000007f0 T _malloc_r
00115f24 000000e0 T memchr
00116004 000000a8 T memcmp
001160ac 0000011c T memcpy
001161c8 00000154 T memmove
0011631c 00000118 T memset
00116434 0000000c T __malloc_lock
00116440 0000000c T __malloc_unlock
0011644c 000000e0 T _puts_r
0011652c 00000020 T puts
0011654c 00000260 T setvbuf
001167ac 00000098 T _raise_r
00116844 00000020 T raise
00116864 00000074 T sscanf
001168d8 00000044 T __sread
0011691c 00000008 T __seofread
00116924 00000068 T __swrite
0011698c 00000048 T __sseek
001169d4 00000008 T __sclose
001169dc 00000144 T strchr
00116b20 0000005c T strlen
00116b7c 000000ec T strncat
00116c68 000000dc T strncmp
00116d44 000000c0 T strncpy
00116e04 00000048 T strnlen
00116e4c 000001c8 t _strtoul_l.constprop.0
00117014 00000004 T _strtoul_r
00117018 00000050 t get_arg
00117068 00002b68 T __ssvfscanf_r
00119bd0 0000003c T time
00119c0c 0000064c t get_arg
0011a258 00000034 T __sprint_r
0011a28c 00002584 T _vfiprintf_r
0011c810 000000d4 t __sbprintf
0011c8e4 00000054 T _wcrtomb_r
0011c938 00000028 T _wcsrtombs_r
0011c960 00000154 T __swsetup_r
0011cab4 000000b0 T __register_exitproc
0011cb64 00000114 T __call_exitprocs
0011cc78 00000258 T __sflush_r
0011ced0 00000094 T _fflush_r
0011cf64 0000000c T _cleanup_r
0011cf70 00000184 T __sinit
0011d0f4 0000000c T __sfp_lock_acquire
0011d100 0000000c T __sfp_lock_release
0011d10c 000000f8 T _malloc_trim_r
0011d204 000002e4 T _free_r
0011d4e8 000004a4 T __sfvwrite_r
0011d98c 00000070 T _fwalk_reent
0011d9fc 00000008 T iswspace
0011da04 0000000c T _localeconv_r
0011da10 00000010 T __locale_mb_cur_max
0011da20 00000138 T __smakebuf_r
0011db58 00000094 T __swhatbuf_r
0011dbec 00000068 T _mbrtowc_r
0011dc54 000002fc T __utf8_mbtowc
0011df50 00000028 T realloc
0011df78 00000598 T _realloc_r
0011e510 000000e4 T __sccl
0011e5f4 0000000c T nanf
0011e600 00000064 T sprintf
0011e664 000000b8 T stpncpy
0011e720 0000130c T _strtod_l
0011fa2c 0000000c T _strtod_r
0011fa38 0000022c t _strtoll_l.constprop.0
0011fc64 00000004 T _strtoll_r
0011fc68 000001b0 t _strtol_l.part.0
0011fe18 0000003c T _strtol_r
0011fe54 00000244 t _strtoull_l.constprop.0
00120098 00000004 T _strtoull_r
0012009c 00000188 T __ssprint_r
00120224 000000e0 T _sungetc_r
00120304 0000006c T __ssrefill_r
00120370 000000c8 T _sfread_r
00120438 0000064c t get_arg
00120a88 00003808 T _svfprintf_r
00124290 000000a8 T __submore
00124338 00000190 T _wcsnrtombs_l
001244c8 0000004c T _wcsnrtombs_r
00124514 000000f0 T __utf8_wctomb
00124604 000001a8 t quorem
001247b0 000012ec T _dtoa_r
00125a9c 00000160 T _fclose_r
00125bfc 000000ec t rshift
00125ce8 00000928 T __gethex
00126610 0000004c T __match
0012665c 0000029c T __hexnan
001268f8 0000003c T iswspace_l
00126934 000001d4 t __jp2uc
00126b08 0000009c T _jp2uc_l
00126ba4 00000088 T _Balloc
00126c2c 0000001c T _Bfree
00126c48 000000f4 T __multadd
00126d3c 00000110 T __s2b
00126e4c 00000058 T __hi0bits
00126ea4 0000009c T __lo0bits
00126f40 000000a4 T __i2b
00126fe4 00000204 T __multiply
001271e8 00000120 T __pow5mult
00127308 0000013c T __lshift
00127444 00000058 T __mcmp
0012749c 000001cc T __mdiff
00127668 00000088 T __ulp
001276f0 000000d4 T __b2d
001277c4 0000012c T __d2b
001278f0 00000078 T __ratio
00127968 00000088 T __copybits
001279f0 0000005c T __any_on
00127a50 000000a8 T frexp
00127af8 00000010 T nan
00127b08 0000005c T __assert_func
00127b64 00000084 T category
00127be8 0000003c T fiprintf
00127c24 00000008 t null_write
00127c2c 00000018 T setDefaultDevice
00127c44 000000c8 T FindDevice
00127d0c 00000028 T RemoveDevice
00127d34 0000009c T AddDevice
00127dd0 00000020 T GetDeviceOpTab
00127df0 00000078 T _fstat_r
00127e68 00000014 T _getpid_r
00127e7c 00000038 T _gettimeofday_r
00127eb4 00000008 T _isatty_r
00127ebc 00000014 T _kill_r
00127ed0 00000084 T _lseek_r
00127f54 00000080 T _read_r
00127fd4 00000078 T _sbrk_r
0012804c 00000080 T _write_r
001280cc 00000024 T _exit
001280f0 000001b8 T _concatenate_path
001282a8 00000160 T chdir
00128408 00000008 T __flockfile
00128410 00000008 T __funlockfile
00128418 00000018 T __libc_lock_acquire
00128430 00000018 T __libc_lock_release
00128448 00000018 T __libc_lock_init_recursive
00128460 00000018 T __libc_lock_acquire_recursive
00128478 00000018 T __libc_lock_release_recursive
00128490 00000018 T __libc_lock_close_recursive
001284a8 0000003c T __get_handle
001284e4 000000f4 T _close_r
001285d8 00000028 T __getreent
00128600 00000044 T strrchr
00128644 T _fini
00129000 R render3d_shbin
001291d4 R render3d_shbin_end
001291d4 R render3d_shbin_size
001291d8 R render2d_shbin
00129364 R render2d_shbin_end
00129364 R render2d_shbin_size
00129398 R default_font_bin
00129b98 R default_font_bin_end
00129b98 R default_font_bin_size
00129c0c 00000005 r colorFmtSizes
00129c14 00000004 r depthFmtSizes
00129c18 00000008 r ids.0
00129c20 00000007 r layer_enabled.1
00129c28 00000006 r lutIds.2
00129cc8 00000030 r colorTable
00129cf8 00000070 r dotab_stdout
00129d8c 00000070 r archive_devoptab
00129dfc 00000030 r error_table
00129e2c 00000014 r CSWTCH.66
00129e40 00000008 r framebufferInfoSt
00129e50 00000011 r dsp_filename.0
00129efc 0000000c R typeinfo for std::bad_alloc
00129f08 0000000d R typeinfo name for std::bad_alloc
00129f18 00000014 R vtable for std::bad_alloc
00129f40 00000008 R typeinfo for __cxxabiv1::__forced_unwind
00129f48 00000008 R typeinfo for __cxxabiv1::__foreign_exception
00129f50 0000000c R typeinfo for std::bad_exception
00129f5c 00000008 R typeinfo for std::exception
00129f64 00000020 R typeinfo name for __cxxabiv1::__forced_unwind
00129f84 00000024 R typeinfo name for __cxxabiv1::__foreign_exception
00129fa8 00000012 R typeinfo name for std::bad_exception
00129fbc 0000000d R typeinfo name for std::exception
00129fcc 00000014 R vtable for std::bad_exception
00129fe0 0000000c R typeinfo for __cxxabiv1::__si_class_type_info
00129fec 00000025 R typeinfo name for __cxxabiv1::__si_class_type_info
0012a014 0000002c R vtable for __cxxabiv1::__si_class_type_info
0012a040 00000008 R typeinfo for std::type_info
0012a048 0000000d R typeinfo name for std::type_info
0012a058 0000000c R typeinfo for __cxxabiv1::__class_type_info
0012a064 00000022 R typeinfo name for __cxxabiv1::__class_type_info
0012a088 0000002c R vtable for __cxxabiv1::__class_type_info
0012a0b8 00000148 R __exp2f_data
0012a200 00000128 R __powf_log2_data
0012a328 00000004 R _global_impure_ptr
0012a334 00000022 r basefix.0
0012a380 00000010 r blanks.1
0012a390 00000010 r zeroes.0
0012a3a0 00000101 R _ctype_
0012a4f8 00000014 r fpi.1
0012a50c 00000014 r fpinan.0
0012a520 00000028 r tinytens
0012a548 0000006c R __action_table
0012a5b4 00000100 R __chclass
0012a6b4 0000006c R __state_table
0012a734 00000010 r blanks.1
0012a744 00000010 r zeroes.0
0012a764 r .LC2
0012a804 00000100 R __hexdig
0012a918 000000bc r a1
0012a9d4 000000bc r a2
0012aa90 0000005b r a3
0012aaec 00000070 r a6
0012ab5c 000000a2 r a7
0012ac00 00000040 r a8
0012ac40 0000172a r b02cf
0012c36c 00001a7c r d02f4
0012dde8 0000000c R _C_numeric_locale
0012de38 00000028 R __mprec_bigtens
0012de60 000000c8 R __mprec_tens
0012df28 0000000c r p05.0
0012df74 000031e6 r categories
0013115c 00000070 R dotab_stdnull
001311cc r 
00131248 R __exidx_start
001313b0 R __exidx_end
00132000 W __stacksize__
00132004 D __dso_handle
00132008 00000004 d framerate
0013200c 00000008 d framerateCounter
00132014 00000070 d romFS_devoptab
00132084 00000004 D currentConsole
00132088 0000004c D defaultConsole
001320d4 00000001 d firstConsoleInit.0
001320d5 00000001 d botFormat
001320d8 00000008 d doubleBuf
001320e0 00000001 d topFormat
001320e4 00000004 d queueLock
001320e8 00000004 d gspLastEvent
001320ec 00000004 d aptFlags
001320f0 00000001 d aptHomeAllowed
001320f4 00000004 D __cxxabiv1::__unexpected_handler
001320f8 00000004 D __cxxabiv1::__terminate_handler
001320fc 00000004 D _impure_ptr
00132100 00000460 d impure_data
00132560 00000408 D __malloc_av_
00132968 00000004 D __malloc_sbrk_base
0013296c 00000004 D __malloc_trim_threshold
00132970 0000000c d __malloc_recursive_mutex
0013297c 0000000c D __atexit_recursive_mutex
00132988 0000000c d __sfp_recursive_mutex
00132994 0000000c d __sinit_recursive_mutex
001329a0 0000016c D __global_locale
00132b0c 00000002 d numempty
00132b10 00000004 d defaultDevice
00132b14 0000008c D devoptab_list
00132ba0 00000400 d _current_working_directory
00132fa0 00000004 d __hndl_lock
00132fa4 0000000c d __stderr_handle
00132fb0 0000000c d __stdin_handle
00132fbc 0000000c d __stdout_handle
00132fc8 00001000 d handles
00133fc8 t __frame_dummy_init_array_entry
00133fc8 T __init_array_start
00133fc8 B __preinit_array_end
00133fc8 B __preinit_array_start
00133fc8 D __tdata_lma
00133fc8 D __tdata_lma_end
00133fc8 D __TMC_END__
00133fc8 d __TMC_LIST__
00133fd8 t __do_global_dtors_aux_fini_array_entry
00133fd8 T __fini_array_start
00133fd8 T __init_array_end
00133fdc T __bss_start__
00133fdc T __fini_array_end
00133fdc b saved_stack
00133fe4 b completed.1
00133fe8 b object.0
00134000 00000058 B m3d::priv::graphics::defaultCamera0
00134058 00000058 B m3d::priv::graphics::defaultCamera1
001340b0 00000004 B m3d::priv::core::ptmsysmHandle
001340b4 00000001 B m3d::priv::core::ledPatternRunning
001340b5 00000001 B m3d::priv::ndsp::initialized
001340b8 0000000c B m3d::priv::ndsp::channelMutex
001340c4 0000000c B m3d::priv::ndsp::occupiedChannels
001340d0 00000040 b s_projBot
00134110 00000040 b s_projTop
00134150 00000004 b uLoc_mdlvMtx
00134154 00000004 b uLoc_projMtx
00134158 000002d0 B __C3D_Context
00134428 0000000c b hookCookie
00134438 00000010 b cpuTime
00134448 00000004 b firstTarget
0013444c 00000008 b frameCounter
00134454 00000004 b frameEndCb
00134458 00000004 b frameEndCbData
00134460 00000010 b gpuTime
00134470 00000001 b inFrame
00134471 00000001 b inSafeTransfer
00134474 00000004 b lastTarget
00134478 0000000c b linkedTarget
00134484 00000001 b measureGpuTime
00134485 00000001 b needSwapBot
00134486 00000001 b needSwapTop
00134488 00000004 B C3D_BoolUnifs
0013448c 00000002 B C3D_BoolUnifsDirty
00134490 00000c00 B C3D_FVUnif
00135090 000000c0 B C3D_FVUnifDirty
00135150 00000020 B C3D_IVUnif
00135170 00000008 B C3D_IVUnifDirty
00135178 000000c0 b C3Di_FVUnifEverDirty
00135238 00000008 b C3Di_IVUnifEverDirty
00135240 00000018 b C3Di_ShaderFVecData
00135258 0000000c b sAddrMap
00135264 00000008 b sVramPool
0013526c 00000008 b sLinearPool
00135274 0000000c b sAddrMap
00135280 00000401 b __component
00135684 00000004 V __romfs_path
00135688 00000802 b __utf16path
00135e8c 00000004 b romfs_mount_list
00135e90 00000004 b arbiter
00135e94 00000001 V __ctru_speedup
00135e98 0000004c B currentCopy
00135ee4 00000004 b srvHandle
00135ee8 00000004 b srvRefCount
00135eec 00000004 b archive_device_cwd
00135ef0 00001500 b archive_devices
001373f0 00000001 b archive_initialized
001373f4 0000001c B bottomFramebufferInfo
00137410 00000002 b currentBuffer
00137412 00000001 b enable3d
00137414 00000004 B gfxBottomFramebufferMaxSize
00137418 00000008 B gfxBottomFramebuffers
00137420 00000004 B gfxSharedMemory
00137424 00000001 B gfxThreadID
00137428 00000004 B gfxTopFramebufferMaxSize
0013742c 00000008 B gfxTopLeftFramebuffers
00137434 00000008 B gfxTopRightFramebuffers
0013743c 00000004 B gspEvent
00137440 00000004 B gspSharedMemHandle
00137444 00000004 b screenAlloc
00137448 00000004 b screenFree
0013744c 0000001c B topFramebufferInfo
00137468 00000004 b boundQueue
0013746c 00000004 B gxCmdBuf
00137470 00000004 b curQueue
00137474 00000001 b isActive
00137475 00000001 b isRunning
00137476 00000001 b shouldStop
00137478 00000004 B gpuCmdBuf
0013747c 00000004 B gpuCmdBufOffset
00137480 00000004 B gpuCmdBufSize
00137484 0000000c b aptCookie
00137490 00000001 b bActuallySleeping
00137491 00000001 b bComponentLoaded
00137492 00000001 b bDspReady
00137493 00000001 b bNeedsSync
00137494 00000001 b bSleeping
00137498 00000004 b componentBin
0013749c 00000002 b componentDataMask
0013749e 00000001 b componentFree
001374a0 00000002 b componentProgMask
001374a4 00000004 b componentSize
001374a8 00000004 b droppedFrames
001374ac 00000004 b dspSem
001374b0 00001080 b dspVar5Backup
00138530 00000004 b frameCount
00138534 00000004 b irqEvent
00138538 00000002 B ndspBufferCurId
0013853a 00000002 B ndspBufferId
0013853c 00000002 B ndspFrameId
00138540 00000048 b ndspMaster
00138588 00000004 b ndspMutex
0013858c 00000004 b ndspRefCount
00138590 00000004 b ndspThread
00138594 00000001 b ndspThreadRun
00138598 00000080 B ndspVars
00138618 00000008 b sleepEvent
00138620 00000c60 b ndspChn
00139280 00000004 b gspEvent
00139284 0000001c b gspEventCb
001392a0 0000001c b gspEventCbData
001392bc 00000007 b gspEventCbOneShot
001392c4 0000001c b gspEventCounts
001392e0 00000004 b gspEventData
001392e4 00000004 b gspEventThread
001392e8 00000038 b gspEvents
00139320 00000004 B gspGpuHandle
00139324 00000004 b gspRefCount
00139328 00000001 b gspRunEvents
0013932c 00000004 b acHandle
00139330 00000004 b acRefCount
00139334 00000004 b cfguHandle
00139338 00000004 b cfguRefCount
0013933c 00000004 b dspHandle
00139340 00000004 b dspRefCount
00139348 00000080 b fsExemptArchives
001393c8 00000004 b fsuHandle
001393cc 00000004 b fsuRefCount
001393d0 00000001 b aptChainloadMediatype
001393d8 00000008 b aptChainloadTid
001393e0 00000004 b aptEventHandlerThread
001393e4 0000000c b aptEvents
001393f0 0000000c b aptFirstHook
001393fc 00000001 b aptHomeButtonState
00139400 00000004 b aptLockHandle
00139404 00000004 b aptMessageFunc
00139408 00000004 b aptMessageFuncData
0013940c 00001000 b aptParameters
0013a40c 00000001 b aptRecentHomeButtonState
0013a410 00000004 b aptRefCount
0013a414 00000008 b aptSleepEvent
0013a41c 00000001 b flagInit.1
0013a41d 00000001 b flagValue.0
0013a420 00000004 b serviceName.3
0013a424 00000004 b ptmuHandle
0013a428 00000004 b ptmuRefCount
0013a42c 00000006 b aVec
0013a434 00000004 b cPos
0013a438 00000006 b gRate
0013a440 00000014 B hidEvents
0013a454 00000004 B hidHandle
0013a458 00000004 B hidMemHandle
0013a45c 00000004 b hidRefCount
0013a460 00000004 B hidSharedMem
0013a464 00000004 b kDown
0013a468 00000004 b kHeld
0013a46c 00000004 b kOld
0013a470 00000004 b kUp
0013a474 00000004 b tPos
0013a478 00000004 b srvPmHandle
0013a47c 00000004 b ptmSysmHandle
0013a480 00000004 b ptmSysmRefCount
0013a484 00000004 B __system_retAddr
0013a488 00000004 B __ctru_heap
0013a48c 00000004 V __ctru_heap_size
0013a490 00000004 B __ctru_linear_heap
0013a494 00000004 V __ctru_linear_heap_size
0013a498 00000004 B __system_argc
0013a49c 00000004 B __system_argv
0013a4a0 00000008 b sMappablePool
0013a4a8 0000000c b sAddrMap
0013a4b4 00000004 b csPos
0013a4b8 00000004 B irrstEvent
0013a4bc 00000004 B irrstHandle
0013a4c0 00000004 B irrstMemHandle
0013a4c4 00000004 b irrstRefCount
0013a4c8 00000004 B irrstSharedMem
0013a4cc 00000004 b kHeld
0013a4d0 00000010 b (anonymous namespace)::emergency_pool
0013a4e0 0000000c b eh_globals
0013a4ec 00000004 b (anonymous namespace)::__new_handler
0013a4f0 00000028 B __malloc_current_mallinfo
0013a518 00000004 B __malloc_max_sbrked_mem
0013a51c 00000004 B __malloc_max_total_mem
0013a520 00000004 B __malloc_top_pad
0013a524 00000004 b heap_start.0
0013a528 00000004 B fake_heap_end
0013a52c 00000004 B fake_heap_start
0013a530 00000400 b temp_cwd
0013a930 00000048 B __syscalls
0013a978 000005a0 B __C2Di_Context
0013af18 B __tls_start
0013c324 B __bss_end__
0013c324 A __end__
0013c324 B __tls_end
